2024-01-22T14:50:32.384+03:00  INFO 14732 --- [main] c.e.s.SpringCacheByRedisApplication      : Starting SpringCacheByRedisApplication using Java 21.0.1 with PID 14732 (D:\JAVA\Projects\SpringCache\SpringCacheByRedis\build\classes\java\main started by User in D:\JAVA\Projects\SpringCache)
2024-01-22T14:50:32.385+03:00  INFO 14732 --- [main] c.e.s.SpringCacheByRedisApplication      : No active profile set, falling back to 1 default profile: "default"
2024-01-22T14:50:32.937+03:00  INFO 14732 --- [main] .s.d.r.c.RepositoryConfigurationDelegate : Multiple Spring Data modules found, entering strict repository configuration mode
2024-01-22T14:50:32.937+03:00  INFO 14732 --- [main] .s.d.r.c.RepositoryConfigurationDelegate : Bootstrapping Spring Data JPA repositories in DEFAULT mode.
2024-01-22T14:50:32.986+03:00  INFO 14732 --- [main] .s.d.r.c.RepositoryConfigurationDelegate : Finished Spring Data repository scanning in 43 ms. Found 1 JPA repository interface.
2024-01-22T14:50:33.002+03:00  INFO 14732 --- [main] .s.d.r.c.RepositoryConfigurationDelegate : Multiple Spring Data modules found, entering strict repository configuration mode
2024-01-22T14:50:33.003+03:00  INFO 14732 --- [main] .s.d.r.c.RepositoryConfigurationDelegate : Bootstrapping Spring Data Redis repositories in DEFAULT mode.
2024-01-22T14:50:33.011+03:00  INFO 14732 --- [main] .RepositoryConfigurationExtensionSupport : Spring Data Redis - Could not safely identify store assignment for repository candidate interface com.example.springcachebyredis.repository.EmployeeRepository; If you want this repository to be a Redis repository, consider annotating your entities with one of these annotations: org.springframework.data.redis.core.RedisHash (preferred), or consider extending one of the following types with your repository: org.springframework.data.keyvalue.repository.KeyValueRepository
2024-01-22T14:50:33.012+03:00  INFO 14732 --- [main] .s.d.r.c.RepositoryConfigurationDelegate : Finished Spring Data repository scanning in 2 ms. Found 0 Redis repository interfaces.
2024-01-22T14:50:33.404+03:00  INFO 14732 --- [main] o.s.b.w.embedded.tomcat.TomcatWebServer  : Tomcat initialized with port 8080 (http)
2024-01-22T14:50:33.412+03:00  INFO 14732 --- [main] o.apache.catalina.core.StandardService   : Starting service [Tomcat]
2024-01-22T14:50:33.412+03:00  INFO 14732 --- [main] o.apache.catalina.core.StandardEngine    : Starting Servlet engine: [Apache Tomcat/10.1.18]
2024-01-22T14:50:33.461+03:00  INFO 14732 --- [main] o.a.c.c.C.[Tomcat].[localhost].[/]       : Initializing Spring embedded WebApplicationContext
2024-01-22T14:50:33.461+03:00  INFO 14732 --- [main] w.s.c.ServletWebServerApplicationContext : Root WebApplicationContext: initialization completed in 1041 ms
2024-01-22T14:50:33.580+03:00  INFO 14732 --- [main] o.hibernate.jpa.internal.util.LogHelper  : HHH000204: Processing PersistenceUnitInfo [name: default]
2024-01-22T14:50:33.636+03:00  INFO 14732 --- [main] org.hibernate.Version                    : HHH000412: Hibernate ORM core version 6.4.1.Final
2024-01-22T14:50:33.671+03:00  INFO 14732 --- [main] o.h.c.internal.RegionFactoryInitiator    : HHH000026: Second-level cache disabled
2024-01-22T14:50:33.857+03:00  INFO 14732 --- [main] o.s.o.j.p.SpringPersistenceUnitInfo      : No LoadTimeWeaver setup: ignoring JPA class transformer
2024-01-22T14:50:33.876+03:00  INFO 14732 --- [main] com.zaxxer.hikari.HikariDataSource       : HikariPool-1 - Starting...
2024-01-22T14:50:34.028+03:00  INFO 14732 --- [main] com.zaxxer.hikari.pool.HikariPool        : HikariPool-1 - Added connection org.postgresql.jdbc.PgConnection@4cb24e2
2024-01-22T14:50:34.030+03:00  INFO 14732 --- [main] com.zaxxer.hikari.HikariDataSource       : HikariPool-1 - Start completed.
2024-01-22T14:50:34.717+03:00  INFO 14732 --- [main] o.h.e.t.j.p.i.JtaPlatformInitiator       : HHH000489: No JTA platform available (set 'hibernate.transaction.jta.platform' to enable JTA platform integration)
2024-01-22T14:50:34.818+03:00  INFO 14732 --- [main] j.LocalContainerEntityManagerFactoryBean : Initialized JPA EntityManagerFactory for persistence unit 'default'
2024-01-22T14:50:34.859+03:00  WARN 14732 --- [main] JpaBaseConfiguration$JpaWebConfiguration : spring.jpa.open-in-view is enabled by default. Therefore, database queries may be performed during view rendering. Explicitly configure spring.jpa.open-in-view to disable this warning
2024-01-22T14:50:35.523+03:00  INFO 14732 --- [main] o.s.b.w.embedded.tomcat.TomcatWebServer  : Tomcat started on port 8080 (http) with context path ''
2024-01-22T14:50:35.529+03:00  INFO 14732 --- [main] c.e.s.SpringCacheByRedisApplication      : Started SpringCacheByRedisApplication in 3.512 seconds (process running for 4.019)
2024-01-22T15:08:23.287+03:00  INFO 14732 --- [SpringApplicationShutdownHook] j.LocalContainerEntityManagerFactoryBean : Closing JPA EntityManagerFactory for persistence unit 'default'
2024-01-22T15:08:23.288+03:00  INFO 14732 --- [SpringApplicationShutdownHook] com.zaxxer.hikari.HikariDataSource       : HikariPool-1 - Shutdown initiated...
2024-01-22T15:08:23.290+03:00  INFO 14732 --- [SpringApplicationShutdownHook] com.zaxxer.hikari.HikariDataSource       : HikariPool-1 - Shutdown completed.
